<?xml version="1.0" encoding="UTF-8"?>
<!-- Generated by org.testng.reporters.JUnitXMLReporter -->
<testsuite ignored="0" hostname="LAPTOP-Soufien" failures="0" tests="5" name="Default test" time="14.801" errors="0" timestamp="2024-05-20T20:46:41 GMT+01:00">
  <testcase classname="com.qa.opencart.tests.HomePageTest" name="homePageTitleTest" time="0.545"/>
  <testcase classname="com.qa.opencart.tests.HomePageTest" name="homePageURLTest" time="0.002"/>
  <testcase classname="com.qa.opencart.tests.HomePageTest" name="searchTest" time="1.547"/>
  <testcase classname="com.qa.opencart.tests.HomePageTest" name="searchTest" time="1.167"/>
  <testcase classname="com.qa.opencart.tests.HomePageTest" name="searchTest" time="0.988"/>
</testsuite> <!-- Default test -->
