<?xml version="1.0" encoding="UTF-8"?>
<!-- Generated by org.testng.reporters.JUnitXMLReporter -->
<testsuite ignored="0" hostname="LAPTOP-Soufien" failures="0" tests="5" name="Default test" time="12.326" errors="0" timestamp="2024-05-21T10:29:31 GMT+01:00">
  <testcase classname="com.qa.opencart.tests.HomePageTest" name="homePageTitleTest" time="0.036"/>
  <testcase classname="com.qa.opencart.tests.HomePageTest" name="homePageURLTest" time="0.003"/>
  <testcase classname="com.qa.opencart.tests.HomePageTest" name="searchTest" time="1.007"/>
  <testcase classname="com.qa.opencart.tests.HomePageTest" name="searchTest" time="0.921"/>
  <testcase classname="com.qa.opencart.tests.HomePageTest" name="searchTest" time="0.848"/>
</testsuite> <!-- Default test -->
