<?xml version="1.0" encoding="UTF-8"?>
<!-- Generated by org.testng.reporters.JUnitXMLReporter -->
<testsuite ignored="0" hostname="LAPTOP-Soufien" failures="0" tests="5" name="Test" time="10.809" errors="0" timestamp="2024-05-22T16:03:58 GMT+01:00">
  <testcase classname="com.qa.opencart.tests.HomePageTest" name="homePageTitleTest" time="0.018"/>
  <testcase classname="com.qa.opencart.tests.HomePageTest" name="homePageURLTest" time="0.001"/>
  <testcase classname="com.qa.opencart.tests.HomePageTest" name="searchTest" time="0.876"/>
  <testcase classname="com.qa.opencart.tests.HomePageTest" name="searchTest" time="0.835"/>
  <testcase classname="com.qa.opencart.tests.HomePageTest" name="searchTest" time="1.029"/>
</testsuite> <!-- Test -->
