<?xml version="1.0" encoding="UTF-8"?>
<!-- Generated by org.testng.reporters.JUnitXMLReporter -->
<testsuite ignored="0" hostname="LAPTOP-Soufien" failures="0" tests="5" name="Open Cart Home Page Test" time="13.426" errors="0" timestamp="2024-05-20T20:54:20 GMT+01:00">
  <testcase classname="com.qa.opencart.tests.HomePageTest" name="homePageTitleTest" time="0.055"/>
  <testcase classname="com.qa.opencart.tests.HomePageTest" name="homePageURLTest" time="0.003"/>
  <testcase classname="com.qa.opencart.tests.HomePageTest" name="searchTest" time="1.372"/>
  <testcase classname="com.qa.opencart.tests.HomePageTest" name="searchTest" time="1.133"/>
  <testcase classname="com.qa.opencart.tests.HomePageTest" name="searchTest" time="0.936"/>
</testsuite> <!-- Open Cart Home Page Test -->
