<?xml version="1.0" encoding="UTF-8"?>
<!-- Generated by org.testng.reporters.JUnitXMLReporter -->
<testsuite ignored="0" hostname="LAPTOP-Soufien" failures="0" tests="5" name="Open Cart Home Page Test" time="13.6" errors="0" timestamp="2024-05-22T16:07:09 GMT+01:00">
  <testcase classname="com.qa.opencart.tests.HomePageTest" name="homePageTitleTest" time="0.038"/>
  <testcase classname="com.qa.opencart.tests.HomePageTest" name="homePageURLTest" time="0.002"/>
  <testcase classname="com.qa.opencart.tests.HomePageTest" name="searchTest" time="1.538"/>
  <testcase classname="com.qa.opencart.tests.HomePageTest" name="searchTest" time="0.83"/>
  <testcase classname="com.qa.opencart.tests.HomePageTest" name="searchTest" time="0.799"/>
</testsuite> <!-- Open Cart Home Page Test -->
